C51 COMPILER V9.01   TIMEDEBUG                                                             03/15/2020 10:10:08 PAGE 1   


C51 COMPILER V9.01, COMPILATION OF MODULE TIMEDEBUG
OBJECT MODULE PLACED IN timeDebug.obj
COMPILER INVOKED BY: C:\Keil\C51\BIN\C51.EXE delay\timeDebug.c BROWSE DEBUG OBJECTEXTEND PRINT(.\timeDebug.lst) OBJECT(t
                    -imeDebug.obj)

line level    source

   1          #include "../main/sysParameter.h"
   2          #include "timeDebug.h"
   3          
   4          /**
   5           * 功能：延时1S
   6           * 参数：
   7           * 返回值：
   8           */
   9          void delay()
  10          {
  11   1          uint i,j;
  12   1          for(i=1000;i>0;i--)
  13   1                       {
  14   2                               for(j=110;j>0;j--);
  15   2                       }
  16   1      }
  17          
  18          /**
  19           * 功能：延时xms
  20           * 参数：
  21           * 返回值：
  22           */
  23          void delayMS(uint xms)
  24          {
  25   1              uint i, j;
  26   1              for ( i = xms; i > 0; i--)
  27   1              {
  28   2                      for(j = 110; j > 0; j--);
  29   2              }
  30   1                      
  31   1      }
  32          
  33          /**
  34           * 功能：延时i个250us
  35           * 参数：
  36           * 返回值：
  37           */ 
  38          void Delayst(unsigned int i)      //延时程序,i是形式参数,i为1时 延时约250US
  39          {
  40   1              unsigned int j;
  41   1              for(;i>0;i--)             //变量i由实际参数传入一个值,因此i不能赋初值
  42   1                      for(j=0;j<31;j++)  // 此数值为125时 大约延时1MS 由此计算出为1时 延时大约8US 31X8=248US≈250US      
  43   1                      {;}
  44   1      }


MODULE INFORMATION:   STATIC OVERLAYABLE
   CODE SIZE        =     88    ----
   CONSTANT SIZE    =   ----    ----
   XDATA SIZE       =   ----    ----
   PDATA SIZE       =   ----    ----
   DATA SIZE        =   ----    ----
   IDATA SIZE       =   ----    ----
   BIT SIZE         =   ----    ----
C51 COMPILER V9.01   TIMEDEBUG                                                             03/15/2020 10:10:08 PAGE 2   

END OF MODULE INFORMATION.


C51 COMPILATION COMPLETE.  0 WARNING(S),  0 ERROR(S)
