C51 COMPILER V9.01   MAIN                                                                  03/06/2020 18:39:50 PAGE 1   


C51 COMPILER V9.01, COMPILATION OF MODULE MAIN
OBJECT MODULE PLACED IN main.OBJ
COMPILER INVOKED BY: C:\Keil\C51\BIN\C51.EXE main.c BROWSE DEBUG OBJECTEXTEND

line level    source

   1          /**
   2           * author: wtzhu
   3           * date: 20200306
   4           * function: test time delay
   5           * version:
   6           */
   7          
   8          #include <reg52.h>
   9          #include "timeDebug.h"
  10          #include "sysParameter.h"
  11          
  12          #define led1 P0
  13          sbit beef = P3^6;
  14          
  15          void main()
  16          {
  17   1              while(1)
  18   1              {
  19   2                      led1 = 0xF0;
  20   2              beef = 1;
  21   2                      delay(); 
  22   2                      led1 = 0xFF;
  23   2              beef = 0;
  24   2                      delay();
  25   2              }
  26   1      }
  27          


MODULE INFORMATION:   STATIC OVERLAYABLE
   CODE SIZE        =     18    ----
   CONSTANT SIZE    =   ----    ----
   XDATA SIZE       =   ----    ----
   PDATA SIZE       =   ----    ----
   DATA SIZE        =      4    ----
   IDATA SIZE       =   ----    ----
   BIT SIZE         =   ----    ----
END OF MODULE INFORMATION.


C51 COMPILATION COMPLETE.  0 WARNING(S),  0 ERROR(S)
