C51 COMPILER V9.01   MATRIX                                                                03/08/2020 17:16:22 PAGE 1   


C51 COMPILER V9.01, COMPILATION OF MODULE MATRIX
OBJECT MODULE PLACED IN matrix.obj
COMPILER INVOKED BY: C:\Keil\C51\BIN\C51.EXE keboard\matrix.c BROWSE DEBUG OBJECTEXTEND PRINT(.\matrix.lst) OBJECT(matri
                    -x.obj)

line level    source

   1          #include "../main/sysParameter.h"
   2          #include "../delay/timeDebug.h"
   3          #include "../nixie_tube/show.h"
   4          #include "../beep/beep.h"
   5          
   6          /**
   7            * 功能：矩阵键盘扫描函数
   8            * 参数：
   9            * 返回值：
  10            */
  11          uint keyboardScan(uint showNum)
  12          {
  13   1          uint temp, key;
  14   1          // 扫描第一行
  15   1          P1 = 0xfe;
  16   1          temp = P1;
  17   1          if ((temp & 0xf0) != 0xf0)
  18   1          {
  19   2              delayMS(10);
  20   2              P1 = 0xfe;
  21   2              temp = P1;
  22   2              if ((temp & 0xf0) != 0xf0)
  23   2              {
  24   3                  switch ((temp & 0xf0))
  25   3                  {
  26   4                  case 0xe0:key = 1;break;
  27   4                  case 0xd0:key = 2;break;
  28   4                  case 0xb0:key = 3;break;
  29   4                  case 0x70:key = 4;break;           
  30   4                  }
  31   3                  while ((temp & 0xf0) != 0xf0)temp = P1;  // 当按键没有复原是继续监测P1口
  32   3                  show2Bit(key);
  33   3                  beepWork();
  34   3                  return key;
  35   3              }
  36   2          }
  37   1          // 扫描第二行
  38   1          P1 = 0xfd;
  39   1          temp = P1;
  40   1          if ((temp & 0xf0) != 0xf0)
  41   1          {
  42   2              delayMS(10);
  43   2              P1 = 0xfd;
  44   2              temp = P1;
  45   2              if ((temp & 0xf0) != 0xf0)
  46   2              {
  47   3                  switch ((temp & 0xf0))
  48   3                  {
  49   4                  case 0xe0:key = 5;break;
  50   4                  case 0xd0:key = 6;break;
  51   4                  case 0xb0:key = 7;break;
  52   4                  case 0x70:key = 8;break;           
  53   4                  }
  54   3                  while ((temp & 0xf0) != 0xf0)temp = P1;
C51 COMPILER V9.01   MATRIX                                                                03/08/2020 17:16:22 PAGE 2   

  55   3                  show2Bit(key);
  56   3                  return key;
  57   3              }
  58   2          }
  59   1      
  60   1          // 扫描第三行
  61   1          P1 = 0xfb;
  62   1          temp = P1;
  63   1          if ((temp & 0xf0) != 0xf0)
  64   1          {
  65   2              delayMS(10);
  66   2              P1 = 0xfb;
  67   2              temp = P1;
  68   2              if ((temp & 0xf0) != 0xf0)
  69   2              {
  70   3                  switch ((temp & 0xf0))
  71   3                  {
  72   4                  case 0xe0:key = 9;break;
  73   4                  case 0xd0:key = 10;break;
  74   4                  case 0xb0:key = 11;break;
  75   4                  case 0x70:key = 12;break;           
  76   4                  }
  77   3                  while ((temp & 0xf0) != 0xf0)temp = P1;
  78   3                  show2Bit(key);
  79   3                  return key;
  80   3              }
  81   2          }
  82   1          // 扫描第四行
  83   1          P1 = 0xf7;
  84   1          temp = P1;
  85   1          if ((temp & 0xf0) != 0xf0)
  86   1          {
  87   2              delayMS(10);
  88   2              P1 = 0xf7;
  89   2              temp = P1;
  90   2              if ((temp & 0xf0) != 0xf0)
  91   2              {
  92   3                  switch ((temp & 0xf0))
  93   3                  {
  94   4                  case 0xe0:key = 13;break;
  95   4                  case 0xd0:key = 14;break;
  96   4                  case 0xb0:key = 15;break;
  97   4                  case 0x70:key = 16;break;           
  98   4                  }
  99   3                  while ((temp & 0xf0) != 0xf0)temp = P1;
 100   3                  show2Bit(key);
 101   3                  return key;
 102   3              }
 103   2          }
 104   1          show2Bit(showNum);
 105   1          return showNum;
 106   1      }


MODULE INFORMATION:   STATIC OVERLAYABLE
   CODE SIZE        =    492    ----
   CONSTANT SIZE    =   ----    ----
   XDATA SIZE       =   ----    ----
   PDATA SIZE       =   ----    ----
   DATA SIZE        =   ----       6
   IDATA SIZE       =   ----    ----
   BIT SIZE         =   ----    ----
C51 COMPILER V9.01   MATRIX                                                                03/08/2020 17:16:22 PAGE 3   

END OF MODULE INFORMATION.


C51 COMPILATION COMPLETE.  0 WARNING(S),  0 ERROR(S)
