C51 COMPILER V9.01   MIAN                                                                  03/14/2020 10:28:15 PAGE 1   


C51 COMPILER V9.01, COMPILATION OF MODULE MIAN
OBJECT MODULE PLACED IN mian.OBJ
COMPILER INVOKED BY: C:\Keil\C51\BIN\C51.EXE mian.c BROWSE DEBUG OBJECTEXTEND

line level    source

   1          #include <reg52.h>
   2          #include "./main/sysParameter.h"
   3          #include "./delay/timeDebug.h"
   4          #include "./keyboard/independent.h"
*** WARNING C318 IN LINE 4 OF mian.c: can't open file './keyboard/independent.h'
   5          
   6          
   7          uchar flag, i, a;
   8          uchar code table[] = "I get";
   9          
  10          void interruptInit()
  11          {
  12   1          TMOD = 0x20;    
  13   1          TH1 = 0xfd;     
  14   1          TL1 = 0xfd;
  15   1          ET1 = 1;        
  16   1          TR1 = 1;        
  17   1          REN = 1;        
  18   1          SM0 = 0;       
  19   1          SM1 = 1;
  20   1          EA = 1;         
  21   1          ES = 1;         
  22   1      }
  23          
  24          void main()
  25          {
  26   1          interruptInit();  
  27   1          while (1)
  28   1          {
  29   2              flag = waitKeyboard();
*** WARNING C206 IN LINE 29 OF MIAN.C: 'waitKeyboard': missing function-prototype
  30   2              if (flag != 0)
  31   2              {
  32   3                  SBUF = 'A' + flag;
  33   3      //            while(!TI);
  34   3      //            TI = 0;
  35   3              }
  36   2              
  37   2          }
  38   1      }
  39          
  40          
  41          void ser() interrupt 4
  42          {
  43   1          RI = 0;
  44   1          a = SBUF;
  45   1          flag = 1;
  46   1      }


MODULE INFORMATION:   STATIC OVERLAYABLE
   CODE SIZE        =     51    ----
   CONSTANT SIZE    =      6    ----
   XDATA SIZE       =   ----    ----
   PDATA SIZE       =   ----    ----
C51 COMPILER V9.01   MIAN                                                                  03/14/2020 10:28:15 PAGE 2   

   DATA SIZE        =      3    ----
   IDATA SIZE       =   ----    ----
   BIT SIZE         =   ----    ----
END OF MODULE INFORMATION.


C51 COMPILATION COMPLETE.  2 WARNING(S),  0 ERROR(S)
