C51 COMPILER V9.01   1602CRTL                                                              03/22/2020 17:35:29 PAGE 1   


C51 COMPILER V9.01, COMPILATION OF MODULE 1602CRTL
OBJECT MODULE PLACED IN 1602Crtl.obj
COMPILER INVOKED BY: C:\Keil\C51\BIN\C51.EXE 1602Ctrl\1602Crtl.c BROWSE DEBUG OBJECTEXTEND PRINT(.\1602Crtl.lst) OBJECT(
                    -1602Crtl.obj)

line level    source

   1          #include <intrins.h>  //包含_nop_()函数定义的头文件
   2          #include "../main/sysParameter.h"
   3          #include "1602Crtl.h"
   4          #include "../delay/timeDebug.h"
   5          #include "../infrared/infrared.h"
   6          
   7          /*****************************************************
   8          函数功能：判断液晶模块的忙碌状态
   9          返回值：result。result=1，忙碌;result=0，不忙
  10          ***************************************************/
  11          unsigned char BusyTest(void)
  12          {
  13   1          bit result;
  14   1              RS=0;       //根据规定，RS为低电平，RW为高电平时，可以读状态
  15   1          RW=1;
  16   1          E=1;        //E=1，才允许读写
  17   1          _nop_();   //空操作
  18   1          _nop_();
  19   1          _nop_(); 
  20   1          _nop_();   //空操作四个机器周期，给硬件反应时间     
  21   1          result=BF;  //将忙碌标志电平赋给result
  22   1              E=0;
  23   1          return result;
  24   1      }
  25          
  26          /*****************************************************
  27          函数功能：将模式设置指令或显示地址写入液晶模块
  28          入口参数：dictate
  29          ***************************************************/
  30          void WriteInstruction (unsigned char dictate)
  31          {   
  32   1           while(BusyTest()==1); //如果忙就等待
  33   1               RS=0;                  //根据规定，RS和R/W同时为低电平时，可以写入指令
  34   1               RW=0;   
  35   1               E=0;                   //E置低电平(根据表8-6，写指令时，E为高脉冲，
  36   1                                   // 就是让E从0到1发生正跳变，所以应先置"0"
  37   1               _nop_();
  38   1               _nop_();             //空操作两个机器周期，给硬件反应时间
  39   1               P0=dictate;            //将数据送入P0口，即写入指令或地址
  40   1               _nop_();
  41   1               _nop_();
  42   1               _nop_();
  43   1               _nop_();               //空操作四个机器周期，给硬件反应时间
  44   1               E=1;                   //E置高电平
  45   1               _nop_();
  46   1               _nop_();
  47   1               _nop_();
  48   1               _nop_();               //空操作四个机器周期，给硬件反应时间
  49   1                E=0;                  //当E由高电平跳变成低电平时，液晶模块开始执行命令
  50   1       }
  51          /*****************************************************
  52          函数功能：指定字符显示的实际地址
  53          入口参数：x
  54          ***************************************************/
C51 COMPILER V9.01   1602CRTL                                                              03/22/2020 17:35:29 PAGE 2   

  55           void WriteAddress(unsigned char x)
  56           {
  57   1           WriteInstruction(x|0x80); //显示位置的确定方法规定为"80H+地址码x"
  58   1       }
  59          /*****************************************************
  60          函数功能：将数据(字符的标准ASCII码)写入液晶模块
  61          入口参数：y(为字符常量)
  62          ***************************************************/
  63           void WriteData(unsigned char y)
  64           {
  65   1          while(BusyTest()==1);  
  66   1                RS=1;           //RS为高电平，RW为低电平时，可以写入数据
  67   1                RW=0;
  68   1                E=0;            //E置低电平(根据表8-6，写指令时，E为高脉冲，
  69   1                             // 就是让E从0到1发生正跳变，所以应先置"0"
  70   1                P0=y;           //将数据送入P0口，即将数据写入液晶模块
  71   1                _nop_();
  72   1                _nop_();
  73   1                _nop_();
  74   1            _nop_();       //空操作四个机器周期，给硬件反应时间
  75   1                E=1;          //E置高电平
  76   1                _nop_();
  77   1                _nop_();
  78   1                _nop_();
  79   1                _nop_();        //空操作四个机器周期，给硬件反应时间
  80   1                E=0;            //当E由高电平跳变成低电平时，液晶模块开始执行命令
  81   1       }
  82          /*****************************************************
  83          函数功能：对LCD的显示模式进行初始化设置
  84          ***************************************************/
  85          void LcdInitiate(void)
  86          {
  87   1          delayMS(15);             //延时15ms，首次写指令时应给LCD一段较长的反应时间
  88   1          WriteInstruction(0x38);  //显示模式设置：16×2显示，5×7点阵，8位数据接口
  89   1              delayMS(5);   //延时5ms　
  90   1              WriteInstruction(0x38);
  91   1              delayMS(5);
  92   1              WriteInstruction(0x38);
  93   1              delayMS(5);
  94   1              WriteInstruction(0x0E);  //显示模式设置：显示开，有光标，光标闪烁
  95   1              delayMS(5);
  96   1              WriteInstruction(0x06);  //显示模式设置：光标右移，字符不移
  97   1              delayMS(5);
  98   1              WriteInstruction(0x01);  //清屏幕指令，将以前的显示内容清除
  99   1              delayMS(5);
 100   1       }
 101          
 102           /************************************************************
 103           函数功能：1602LCD显示
 104           *************************************************************/
 105           void Disp(uchar *a)
 106           {      
 107   1                 WriteAddress(0x40);  // 设置显示位置为第一行的第1个字
 108   1                 two_2_bcd(a[0]);
 109   1                 WriteData(0x20);
 110   1                 two_2_bcd(a[1]);
 111   1                 WriteData(0x20);
 112   1                 two_2_bcd(a[2]);
 113   1                 WriteData(0x20);
 114   1                 two_2_bcd(a[3]);   
 115   1       }
 116          
C51 COMPILER V9.01   1602CRTL                                                              03/22/2020 17:35:29 PAGE 3   



MODULE INFORMATION:   STATIC OVERLAYABLE
   CODE SIZE        =    259    ----
   CONSTANT SIZE    =   ----    ----
   XDATA SIZE       =   ----    ----
   PDATA SIZE       =   ----    ----
   DATA SIZE        =   ----       3
   IDATA SIZE       =   ----    ----
   BIT SIZE         =   ----       1
END OF MODULE INFORMATION.


C51 COMPILATION COMPLETE.  0 WARNING(S),  0 ERROR(S)
