C51 COMPILER V9.01   TIMEDEBUG                                                             03/22/2020 17:35:29 PAGE 1   


C51 COMPILER V9.01, COMPILATION OF MODULE TIMEDEBUG
OBJECT MODULE PLACED IN timeDebug.obj
COMPILER INVOKED BY: C:\Keil\C51\BIN\C51.EXE delay\timeDebug.c BROWSE DEBUG OBJECTEXTEND PRINT(.\timeDebug.lst) OBJECT(t
                    -imeDebug.obj)

line level    source

   1          #include "timeDebug.h"
   2          
   3          /*****************************************************
   4          函数功能：延时1S
   5          ***************************************************/
   6          void delay()
   7          {
   8   1          uint i,j;
   9   1          for(i=1000;i>0;i--)
  10   1                       {
  11   2                               for(j=110;j>0;j--);
  12   2                       }
  13   1      }
  14          
  15          /*****************************************************
  16          函数功能：延时延时xms
  17          ***************************************************/
  18          void delayMS(uint xms)
  19          {
  20   1              uint i, j;
  21   1              for ( i = xms; i > 0; i--)
  22   1              {
  23   2                      for(j = 110; j > 0; j--);
  24   2              }
  25   1                      
  26   1      }
  27          
  28          /*****************************************************
  29          函数功能：延时i个250us
  30          ***************************************************/
  31          void Delayst(unsigned int i)      //延时程序,i是形式参数,i为1时 延时约250US
  32          {
  33   1              unsigned int j;
  34   1              for(;i>0;i--)             //变量i由实际参数传入一个值,因此i不能赋初值
  35   1                      for(j=0;j<31;j++)  // 此数值为125时 大约延时1MS 由此计算出为1时 延时大约8US 31X8=248US≈250US      
  36   1                      {;}
  37   1      }
  38          
  39          /*****************************************************
  40          函数功能：延时1ms
  41          ***************************************************/
  42          void delay1ms()
  43          {
  44   1          unsigned char i,j;  
  45   1              for(i=0;i<10;i++)
  46   1                  for(j=0;j<33;j++);           
  47   1       }


MODULE INFORMATION:   STATIC OVERLAYABLE
   CODE SIZE        =    101    ----
   CONSTANT SIZE    =   ----    ----
   XDATA SIZE       =   ----    ----
   PDATA SIZE       =   ----    ----
C51 COMPILER V9.01   TIMEDEBUG                                                             03/22/2020 17:35:29 PAGE 2   

   DATA SIZE        =   ----    ----
   IDATA SIZE       =   ----    ----
   BIT SIZE         =   ----    ----
END OF MODULE INFORMATION.


C51 COMPILATION COMPLETE.  0 WARNING(S),  0 ERROR(S)
